<?xml version="1.0" encoding="UTF-8"?>
<!-- Generated by org.testng.reporters.JUnitReportReporter -->
<testsuite hostname="DESKTOP-1AEN983" failures="0" tests="9" name="buffalocart.BugsVerify" time="27.105" errors="0" timestamp="2021-08-07T12:20:59 PDT" skipped="0">
  <testcase classname="buffalocart.BugsVerify" name="loginPage" time="3.654"/>
  <system-out/>
  <testcase classname="buffalocart.BugsVerify" name="clickbugs" time="0.729"/>
  <system-out/>
  <testcase classname="buffalocart.BugsVerify" name="enterIssue" time="0.113"/>
  <system-out/>
  <testcase classname="buffalocart.BugsVerify" name="enterRelatedDropdown" time="0.086"/>
  <system-out/>
  <testcase classname="buffalocart.BugsVerify" name="enterDataComboBox" time="0.167"/>
  <system-out/>
  <testcase classname="buffalocart.BugsVerify" name="selectPrioritydata" time="0.163"/>
  <system-out/>
  <testcase classname="buffalocart.BugsVerify" name="enterDescription" time="0.210"/>
  <system-out/>
  <testcase classname="buffalocart.BugsVerify" name="enterBugStatus" time="15.018"/>
  <system-out/>
  <testcase classname="buffalocart.BugsVerify" name="savingbugsDetails" time="6.965"/>
  <system-out/>
</testsuite> <!-- buffalocart.BugsVerify -->
