<?xml version="1.0" encoding="UTF-8"?>
<!-- Generated by org.testng.reporters.JUnitReportReporter -->
<testsuite hostname="DESKTOP-1AEN983" failures="0" tests="5" name="buffalocart.LoginPageTest" time="12.362" errors="0" timestamp="2021-08-07T12:20:59 PDT" skipped="1">
  <testcase classname="buffalocart.LoginPageTest" name="launchLoginPage" time="0.021"/>
  <system-out/>
  <testcase classname="buffalocart.LoginPageTest" name="verifyloginPageTitle" time="0.010"/>
  <system-out/>
  <testcase classname="buffalocart.LoginPageTest" name="inputInvalidUserName" time="1.888"/>
  <system-out/>
  <testcase classname="buffalocart.LoginPageTest" name="inputValidCredentilas" time="10.443"/>
  <system-out/>
  <testcase classname="buffalocart.LoginPageTest" name="inputInvalidPassword">
    <skipped/>
  </testcase> <!-- inputInvalidPassword -->
  <system-out/>
</testsuite> <!-- buffalocart.LoginPageTest -->
