<?xml version="1.0" encoding="UTF-8"?>
<!-- Generated by org.testng.reporters.JUnitReportReporter -->
<testsuite hostname="DESKTOP-1AEN983" failures="0" tests="5" name="buffalocart.LoginVerify" time="17.068" errors="0" timestamp="2021-08-01T19:33:44 PDT" skipped="1">
  <testcase classname="buffalocart.LoginVerify" name="VerifyUrl" time="0.017"/>
  <system-out/>
  <testcase classname="buffalocart.LoginVerify" name="TitleVerify" time="0.012"/>
  <system-out/>
  <testcase classname="buffalocart.LoginVerify" name="LoginValidUserNameVerify" time="3.656"/>
  <system-out/>
  <testcase classname="buffalocart.LoginVerify" name="LoginVerification" time="13.383"/>
  <system-out/>
  <testcase classname="buffalocart.LoginVerify" name="LoginInValidUserNameVerify">
    <skipped/>
  </testcase> <!-- LoginInValidUserNameVerify -->
  <system-out/>
</testsuite> <!-- buffalocart.LoginVerify -->
