<?xml version="1.0" encoding="UTF-8"?>
<!-- Generated by org.testng.reporters.JUnitReportReporter -->
<testsuite hostname="DESKTOP-1AEN983" failures="0" tests="8" name="buffalocart.ProjectVerify" time="28.536" errors="0" timestamp="2021-08-01T19:33:44 PDT" skipped="0">
  <testcase classname="buffalocart.ProjectVerify" name="clickingProject" time="3.483"/>
  <system-out/>
  <testcase classname="buffalocart.ProjectVerify" name="enterProjectNo" time="0.699"/>
  <system-out/>
  <testcase classname="buffalocart.ProjectVerify" name="verifyProjectdropdown" time="2.264"/>
  <system-out/>
  <testcase classname="buffalocart.ProjectVerify" name="verifyProjectProgress" time="1.052"/>
  <system-out/>
  <testcase classname="buffalocart.ProjectVerify" name="verifyProjectDate" time="2.278"/>
  <system-out/>
  <testcase classname="buffalocart.ProjectVerify" name="verifyProjectPrice" time="0.057"/>
  <system-out/>
  <testcase classname="buffalocart.ProjectVerify" name="verifyProjectStatus" time="2.302"/>
  <system-out/>
  <testcase classname="buffalocart.ProjectVerify" name="verifyProjectDetailSave" time="16.401"/>
  <system-out/>
</testsuite> <!-- buffalocart.ProjectVerify -->
