<?xml version="1.0" encoding="UTF-8"?>
<!-- Generated by org.testng.reporters.JUnitReportReporter -->
<testsuite hostname="DESKTOP-1AEN983" failures="0" tests="8" name="buffalocart.ProjectPageTest" time="23.995" errors="0" timestamp="2021-08-07T12:20:59 PDT" skipped="0">
  <testcase classname="buffalocart.ProjectPageTest" name="navigateToProjectPage" time="3.495"/>
  <system-out/>
  <testcase classname="buffalocart.ProjectPageTest" name="triggerNewProject" time="0.720"/>
  <system-out/>
  <testcase classname="buffalocart.ProjectPageTest" name="input_project_name_client" time="0.418"/>
  <system-out/>
  <testcase classname="buffalocart.ProjectPageTest" name="setProgressBar" time="1.665"/>
  <system-out/>
  <testcase classname="buffalocart.ProjectPageTest" name="setStartAndEndDate" time="0.248"/>
  <system-out/>
  <testcase classname="buffalocart.ProjectPageTest" name="verifyProjectPrice" time="0.065"/>
  <system-out/>
  <testcase classname="buffalocart.ProjectPageTest" name="setProjectStatus" time="0.303"/>
  <system-out/>
  <testcase classname="buffalocart.ProjectPageTest" name="performSave" time="17.081"/>
  <system-out/>
</testsuite> <!-- buffalocart.ProjectPageTest -->
