<?xml version="1.0" encoding="UTF-8"?>
<!-- Generated by org.testng.reporters.JUnitReportReporter -->
<testsuite hostname="DESKTOP-1AEN983" failures="0" tests="9" name="buffalocart.TaskVerify" time="23.697" errors="0" timestamp="2021-08-07T12:20:59 PDT" skipped="0">
  <testcase classname="buffalocart.TaskVerify" name="clickTaskPage" time="2.286"/>
  <system-out/>
  <testcase classname="buffalocart.TaskVerify" name="clicknewTask" time="0.728"/>
  <system-out/>
  <testcase classname="buffalocart.TaskVerify" name="enterTaskName" time="0.074"/>
  <system-out/>
  <testcase classname="buffalocart.TaskVerify" name="enterRelatedto" time="0.068"/>
  <system-out/>
  <testcase classname="buffalocart.TaskVerify" name="entertaskDate" time="0.101"/>
  <system-out/>
  <testcase classname="buffalocart.TaskVerify" name="enterTaskDueDate" time="0.104"/>
  <system-out/>
  <testcase classname="buffalocart.TaskVerify" name="enterHrRate" time="0.049"/>
  <system-out/>
  <testcase classname="buffalocart.TaskVerify" name="enterEstimatedHrs" time="0.051"/>
  <system-out/>
  <testcase classname="buffalocart.TaskVerify" name="saveTaskDetails" time="20.236"/>
  <system-out/>
</testsuite> <!-- buffalocart.TaskVerify -->
